2020-12-31 09:17:36,277 - NS_Utils.py[line:30] - INFO: root database connected
2020-12-31 09:17:36,278 - NS_SpiderCore.py[line:38] - INFO: Url:https://www.baidu.com valid
2020-12-31 09:17:36,345 - NS_SpiderCore.py[line:78] - INFO: Url:https://www.baidu.com has been connected by socket without socks proxy
2020-12-31 09:17:36,349 - NS_Utils.py[line:40] - INFO: 
17aca6fc883c82cb2e0f1c0399def1cbef77028e96db9c0f503daaa244074037
352334d652010ed1daced0e73dce9fcba27de4e95e28537010eaf6953b53c4c6
57dccbd875bb1b7455208a26868c23d72002d64dfa960d590a626d7d33f4847d
3462ce3d5ebc7e4ebc972678b6fbec2d4c9fa603041d3e2caa1e3ecec3f6de08
dd1990ad821e0cc0faedcd9a9d62c346da869cae90e3eb021df5021c108711b6
bc5c3283cae3c6567656b6a52bd8b31a806da655336169b611ad9ab790581364
c9438902b5d75a13b9dcb288c92ccbf3fb89adcf93b1000951b31193c07af4b3
88fbfe4a94c95a788b08e3a0cc101734227be8280712314aae48e37cddb8517a

2020-12-31 09:17:36,350 - connectionpool.py[line:823] - DEBUG: Starting new HTTPS connection (1): www.baidu.com:443
2020-12-31 09:17:36,552 - connectionpool.py[line:393] - DEBUG: https://www.baidu.com:443 "GET / HTTP/1.1" 200 None
2020-12-31 09:17:36,681 - connectionpool.py[line:205] - DEBUG: Starting new HTTP connection (1): v.baidu.com:80
2020-12-31 09:17:36,836 - connectionpool.py[line:393] - DEBUG: http://v.baidu.com:80 "GET /v?ct=301989888&rn=20&pn=0&db=0&s=25&ie=utf-8 HTTP/1.1" 302 None
2020-12-31 09:17:37,047 - connectionpool.py[line:393] - DEBUG: http://v.baidu.com:80 "GET / HTTP/1.1" 200 None
2020-12-31 09:17:39,197 - NS_SpiderCore.py[line:170] - INFO: {'url_type': 1, 'url': 'http://v.baidu.com/v?ct=301989888&rn=20&pn=0&db=0&s=25&ie=utf-8', 'tags': ['小品', '曝光', '冯巩', '小宝', '明星', '同台', '全场', '郭德纲']}
2020-12-31 09:17:39,212 - connectionpool.py[line:823] - DEBUG: Starting new HTTPS connection (1): b2b.baidu.com:443
2020-12-31 09:17:39,983 - connectionpool.py[line:393] - DEBUG: https://b2b.baidu.com:443 "GET /s?fr=wwwt HTTP/1.1" 200 None
2020-12-31 09:17:40,072 - NS_SpiderCore.py[line:170] - INFO: {'url_type': 1, 'url': 'https://b2b.baidu.com/s?fr=wwwt', 'tags': ['高度', '白屏', '线下', '全网', '屏幕', '百度', '商家', '逻辑']}
2020-12-31 09:17:40,095 - connectionpool.py[line:823] - DEBUG: Starting new HTTPS connection (1): www.baidu.com:443
2020-12-31 09:17:40,345 - connectionpool.py[line:393] - DEBUG: https://www.baidu.com:443 "GET /s?cl=3&tn=baidutop10&fr=top1000&wd=%E6%9C%B1%E5%B9%BF%E6%9D%83%E6%8A%BC%E9%9F%B5%E7%89%88%E6%80%BB%E7%BB%932020&rsv_idx=2&rsv_dl=fyb_n_homepage&hisfilter=1 HTTP/1.1" 200 227
2020-12-31 09:17:40,360 - NS_SpiderCore.py[line:170] - INFO: {'url_type': 0, 'url': 'https://www.baidu.com/s?cl=3&tn=baidutop10&fr=top1000&wd=%E6%9C%B1%E5%B9%BF%E6%9D%83%E6%8A%BC%E9%9F%B5%E7%89%88%E6%80%BB%E7%BB%932020&rsv_idx=2&rsv_dl=fyb_n_homepage&hisfilter=1', 'tags': []}
2020-12-31 09:17:40,386 - connectionpool.py[line:823] - DEBUG: Starting new HTTPS connection (1): beian.miit.gov.cn:443
2020-12-31 09:17:40,762 - connectionpool.py[line:393] - DEBUG: https://beian.miit.gov.cn:443 "GET / HTTP/1.1" 521 None
2020-12-31 09:17:40,784 - universaldetector.py[line:271] - DEBUG: no probers hit minimum threshold
2020-12-31 09:17:40,816 - NS_SpiderCore.py[line:170] - INFO: {'url_type': 1, 'url': 'https://beian.miit.gov.cn', 'tags': []}
2020-12-31 09:17:40,828 - connectionpool.py[line:823] - DEBUG: Starting new HTTPS connection (1): haokan.baidu.com:443
2020-12-31 09:17:41,636 - connectionpool.py[line:393] - DEBUG: https://haokan.baidu.com:443 "GET /?sfrom=baidu-top HTTP/1.1" 200 None
2020-12-31 09:17:42,297 - NS_SpiderCore.py[line:170] - INFO: {'url_type': 1, 'url': 'https://haokan.baidu.com/?sfrom=baidu-top', 'tags': ['视频', '影视音乐', '舞美', '客户端', '海葵', '综艺', '油条', '每层']}
2020-12-31 09:17:42,306 - connectionpool.py[line:205] - DEBUG: Starting new HTTP connection (1): wenku.baidu.com:80
2020-12-31 09:17:42,471 - connectionpool.py[line:393] - DEBUG: http://wenku.baidu.com:80 "GET /search?lm=0&od=0&ie=utf-8 HTTP/1.1" 301 178
2020-12-31 09:17:42,478 - connectionpool.py[line:823] - DEBUG: Starting new HTTPS connection (1): wenku.baidu.com:443
2020-12-31 09:17:42,764 - connectionpool.py[line:393] - DEBUG: https://wenku.baidu.com:443 "GET /search?lm=0&od=0&ie=utf-8 HTTP/1.1" 302 None
2020-12-31 09:17:43,085 - connectionpool.py[line:393] - DEBUG: https://wenku.baidu.com:443 "GET / HTTP/1.1" 200 None
2020-12-31 09:17:43,483 - NS_SpiderCore.py[line:170] - INFO: {'url_type': 1, 'url': 'http://wenku.baidu.com/search?lm=0&od=0&ie=utf-8', 'tags': ['格式', '精品', '图书', '文库', '特权', '会员', '入门', '福利社']}
2020-12-31 09:17:43,503 - connectionpool.py[line:823] - DEBUG: Starting new HTTPS connection (1): www.baidu.com:443
2020-12-31 09:17:43,831 - connectionpool.py[line:393] - DEBUG: https://www.baidu.com:443 "GET /s?cl=3&tn=baidutop10&fr=top1000&wd=%E7%8E%8B%E4%BF%8A%E5%87%AF%E5%9B%A0%E7%97%85%E9%80%80%E5%87%BA%E6%B9%96%E5%8D%97%E5%8D%AB%E8%A7%86%E8%B7%A8%E5%B9%B4%E6%99%9A%E4%BC%9A&rsv_idx=2&rsv_dl=fyb_n_homepage&hisfilter=1 HTTP/1.1" 200 227
2020-12-31 09:17:43,843 - NS_SpiderCore.py[line:170] - INFO: {'url_type': 0, 'url': 'https://www.baidu.com/s?cl=3&tn=baidutop10&fr=top1000&wd=%E7%8E%8B%E4%BF%8A%E5%87%AF%E5%9B%A0%E7%97%85%E9%80%80%E5%87%BA%E6%B9%96%E5%8D%97%E5%8D%AB%E8%A7%86%E8%B7%A8%E5%B9%B4%E6%99%9A%E4%BC%9A&rsv_idx=2&rsv_dl=fyb_n_homepage&hisfilter=1', 'tags': []}
2020-12-31 09:17:43,862 - connectionpool.py[line:205] - DEBUG: Starting new HTTP connection (1): xueshu.baidu.com:80
2020-12-31 09:17:44,056 - connectionpool.py[line:393] - DEBUG: http://xueshu.baidu.com:80 "GET / HTTP/1.1" 200 None
2020-12-31 09:17:44,356 - NS_SpiderCore.py[line:170] - INFO: {'url_type': 1, 'url': 'http://xueshu.baidu.com', 'tags': ['百度', '学术', '期刊', '热门', '论文', '意见反馈', '网站', '域名']}
2020-12-31 09:17:44,373 - connectionpool.py[line:823] - DEBUG: Starting new HTTPS connection (1): www.baidu.com:443
2020-12-31 09:17:44,668 - connectionpool.py[line:393] - DEBUG: https://www.baidu.com:443 "GET /s?cl=3&tn=baidutop10&fr=top1000&wd=%E5%A5%B3%E5%AD%90%E7%BD%91%E8%B4%AD%E7%BE%BD%E7%BB%92%E6%9C%8D%E6%9C%89%E4%B8%A7%E4%BA%8B%E8%87%82%E7%AB%A0&rsv_idx=2&rsv_dl=fyb_n_homepage&hisfilter=1 HTTP/1.1" 200 227
2020-12-31 09:17:44,688 - NS_SpiderCore.py[line:170] - INFO: {'url_type': 0, 'url': 'https://www.baidu.com/s?cl=3&tn=baidutop10&fr=top1000&wd=%E5%A5%B3%E5%AD%90%E7%BD%91%E8%B4%AD%E7%BE%BD%E7%BB%92%E6%9C%8D%E6%9C%89%E4%B8%A7%E4%BA%8B%E8%87%82%E7%AB%A0&rsv_idx=2&rsv_dl=fyb_n_homepage&hisfilter=1', 'tags': []}
2020-12-31 09:17:44,706 - connectionpool.py[line:205] - DEBUG: Starting new HTTP connection (1): image.baidu.com:80
2020-12-31 09:17:44,869 - connectionpool.py[line:393] - DEBUG: http://image.baidu.com:80 "GET /i?tn=baiduimage&ps=1&ct=201326592&lm=-1&cl=2&nc=1&ie=utf-8 HTTP/1.1" 302 350
2020-12-31 09:17:44,879 - connectionpool.py[line:823] - DEBUG: Starting new HTTPS connection (1): wappass.baidu.com:443
2020-12-31 09:17:45,322 - connectionpool.py[line:393] - DEBUG: https://wappass.baidu.com:443 "GET /static/captcha/tuxing.html?&ak=5c55ec1d6f983c7c410423a63d2071b6&backurl=https%3A%2F%2Fimage.baidu.com%2Fi%3Ftn%3Dbaiduimage%26ps%3D1%26ct%3D201326592%26lm%3D-1%26cl%3D2%26nc%3D1%26ie%3Dutf-8&logid=11281028322119501004&signature=31b19b55761b027cf5b4e7e9647c8f61&timestamp=1609377465 HTTP/1.1" 200 None
2020-12-31 09:17:45,350 - NS_SpiderCore.py[line:170] - INFO: {'url_type': 1, 'url': 'http://image.baidu.com/i?tn=baiduimage&ps=1&ct=201326592&lm=-1&cl=2&nc=1&ie=utf-8', 'tags': ['百度', '网络', '安全', '问题']}
2020-12-31 09:17:45,364 - connectionpool.py[line:823] - DEBUG: Starting new HTTPS connection (1): jingyan.baidu.com:443
2020-12-31 09:17:45,787 - connectionpool.py[line:393] - DEBUG: https://jingyan.baidu.com:443 "GET / HTTP/1.1" 200 None
2020-12-31 09:17:46,179 - NS_SpiderCore.py[line:170] - INFO: {'url_type': 1, 'url': 'https://jingyan.baidu.com', 'tags': ['百度', '经验', '数码', '游戏', '大疆', '新手', '指南', '视频']}
2020-12-31 09:17:46,200 - connectionpool.py[line:823] - DEBUG: Starting new HTTPS connection (1): isite.baidu.com:443
2020-12-31 09:17:46,521 - connectionpool.py[line:393] - DEBUG: https://isite.baidu.com:443 "GET /site/e.baidu.com/d38e8023-2131-4904-adf7-a8d1108f51ef?refer=888 HTTP/1.1" 200 7283
2020-12-31 09:17:46,964 - NS_SpiderCore.py[line:170] - INFO: {'url_type': 1, 'url': 'https://isite.baidu.com/site/e.baidu.com/d38e8023-2131-4904-adf7-a8d1108f51ef?refer=888', 'tags': ['供应链', '厂商', '建材', '层面', '百度', '公司', '知名企业', '系统']}
2020-12-31 09:17:46,984 - connectionpool.py[line:823] - DEBUG: Starting new HTTPS connection (1): www.hao123.com:443
2020-12-31 09:17:47,433 - connectionpool.py[line:393] - DEBUG: https://www.hao123.com:443 "GET / HTTP/1.1" 200 None
2020-12-31 09:17:50,555 - NS_SpiderCore.py[line:170] - INFO: {'url_type': 1, 'url': 'https://www.hao123.com', 'tags': ['邮箱', '百度', '音乐', '视频', '搜狐', '新浪', '游戏', '手机']}
2020-12-31 09:17:50,555 - NS_SpiderCore.py[line:172] - INFO: Spider once towards https://www.baidu.com
2020-12-31 09:17:50,563 - NS_Utils.py[line:62] - INFO: root database closed
2020-12-31 09:17:50,563 - _internal.py[line:88] - INFO: 127.0.0.1 - - [31/Dec/2020 09:17:50] "POST / HTTP/1.1" 200 -
2020-12-31 09:21:16,671 - _internal.py[line:88] - INFO:  * Detected change in 'C:\\Users\\HP\\Desktop\\NjuptSpider\\NS_Utils.py', reloading
